<?xml version="1.0" encoding="UTF-8"?>
<!-- Generated by org.testng.reporters.JUnitReportReporter -->
<testsuite skipped="0" hostname="DKS-Sobolev" name="RestApiTest" tests="15" failures="0" timestamp="2023-01-18T21:01:32 MSK" time="14.496" errors="0">
  <testcase name="createCheckItemOnChecklistTest" time="0.690" classname="RestApiTest"/>
  <system-out/>
  <testcase name="setDeadlineTest" time="1.235" classname="RestApiTest"/>
  <system-out/>
  <testcase name="createOtherListOnBoardTest" time="0.616" classname="RestApiTest"/>
  <system-out/>
  <testcase name="addCardOnListTest" time="0.817" classname="RestApiTest"/>
  <system-out/>
  <testcase name="createCheckItemOnChecklistTest2" time="0.615" classname="RestApiTest"/>
  <system-out/>
  <testcase name="createListOnBoardTest" time="0.631" classname="RestApiTest"/>
  <system-out/>
  <testcase name="updateSecondCheckItemOnCardTest" time="0.673" classname="RestApiTest"/>
  <system-out/>
  <testcase name="updateCheckItemOnCardTest" time="0.672" classname="RestApiTest"/>
  <system-out/>
  <testcase name="addStickerTest" time="0.549" classname="RestApiTest"/>
  <system-out/>
  <testcase name="addAttachmentOnCardTest" time="1.380" classname="RestApiTest"/>
  <system-out/>
  <testcase name="archiveCardTest" time="0.685" classname="RestApiTest"/>
  <system-out/>
  <testcase name="setDescriptionOnCardTest" time="1.239" classname="RestApiTest"/>
  <system-out/>
  <testcase name="updateCardTest" time="0.744" classname="RestApiTest"/>
  <system-out/>
  <testcase name="createChecklistTest" time="0.669" classname="RestApiTest"/>
  <system-out/>
  <testcase name="createBoardTest" time="3.281" classname="RestApiTest"/>
  <system-out/>
</testsuite> <!-- RestApiTest -->
